[debug] [2025-07-02T18:49:47.694Z] ----------------------------------------------------------------------
[debug] [2025-07-02T18:49:47.697Z] Command:       C:\Program Files\nodejs\node.exe C:\Users\Oscar\AppData\Roaming\npm\node_modules\firebase-tools\lib\bin\firebase.js init
[debug] [2025-07-02T18:49:47.697Z] CLI Version:   14.9.0
[debug] [2025-07-02T18:49:47.697Z] Platform:      win32
[debug] [2025-07-02T18:49:47.697Z] Node Version:  v22.16.0
[debug] [2025-07-02T18:49:47.697Z] Time:          Wed Jul 02 2025 13:49:47 GMT-0500 (hora estándar de Perú)
[debug] [2025-07-02T18:49:47.698Z] ----------------------------------------------------------------------
[debug] 
[debug] [2025-07-02T18:49:47.703Z] > command requires scopes: ["email","openid","https://www.googleapis.com/auth/cloudplatformprojects.readonly","https://www.googleapis.com/auth/firebase","https://www.googleapis.com/auth/cloud-platform"]
[debug] [2025-07-02T18:49:47.703Z] > authorizing via signed-in user (owoskar123@gmail.com)
[info] 
     ######## #### ########  ######## ########     ###     ######  ########
     ##        ##  ##     ## ##       ##     ##  ##   ##  ##       ##
     ######    ##  ########  ######   ########  #########  ######  ######
     ##        ##  ##    ##  ##       ##     ## ##     ##       ## ##
     ##       #### ##     ## ######## ########  ##     ##  ######  ########

You're about to initialize a Firebase project in this directory:

  C:\Users\Oscar\OneDrive\Documentos\GitHub\PawFect-Care-Microservices\veterinary-service

[info] 
=== Project Setup
[info] 
[info] First, let's associate this project directory with a Firebase project.
[info] You can create multiple project aliases by running firebase use --add, 
[info] but for now we'll just set up a default project.
[info] 
[debug] [2025-07-02T18:50:10.032Z] Checked if tokens are valid: true, expires at: 1751485492002
[debug] [2025-07-02T18:50:10.033Z] Checked if tokens are valid: true, expires at: 1751485492002
[debug] [2025-07-02T18:50:10.034Z] >>> [apiv2][query] GET https://firebase.googleapis.com/v1beta1/projects pageSize=100
[debug] [2025-07-02T18:50:10.951Z] <<< [apiv2][status] GET https://firebase.googleapis.com/v1beta1/projects 200
[debug] [2025-07-02T18:50:10.951Z] <<< [apiv2][body] GET https://firebase.googleapis.com/v1beta1/projects [omitted]
[info] i  Using project pawfect-care-app-web-ef319 (pawfect-care-app-web) 
[info] 
=== Hosting Setup
[debug] [2025-07-02T18:50:31.018Z] Checked if tokens are valid: true, expires at: 1751485492002
[debug] [2025-07-02T18:50:31.018Z] Checked if tokens are valid: true, expires at: 1751485492002
[debug] [2025-07-02T18:50:31.018Z] >>> [apiv2][query] GET https://firebase.googleapis.com/v1beta1/projects/pawfect-care-app-web-ef319 [none]
[debug] [2025-07-02T18:50:31.432Z] <<< [apiv2][status] GET https://firebase.googleapis.com/v1beta1/projects/pawfect-care-app-web-ef319 200
[debug] [2025-07-02T18:50:31.433Z] <<< [apiv2][body] GET https://firebase.googleapis.com/v1beta1/projects/pawfect-care-app-web-ef319 {"projectId":"pawfect-care-app-web-ef319","projectNumber":"761277726764","displayName":"pawfect-care-app-web","name":"projects/pawfect-care-app-web-ef319","resources":{"hostingSite":"pawfect-care-app-web-ef319"},"state":"ACTIVE","etag":"1_b911158e-164f-48af-8c68-84f182234858"}
[info] 
[info] Your public directory is the folder (relative to your project directory) that
[info] will contain Hosting assets to be uploaded with firebase deploy. If you
[info] have a build process for your assets, use your build's output directory.
[info] 
